<?xml version="1.0" encoding="UTF-8"?>
<!-- Generated by org.testng.reporters.JUnitXMLReporter -->
<testsuite ignored="2" hostname="IEMR4267" failures="0" tests="3" name="Test" time="0.055" errors="0" timestamp="2023-05-26T14:40:23 IST">
  <testcase classname="testNG.F" name="signUp" time="0.009"/>
  <testcase classname="testNG.F" name="signIn" time="0.001"/>
  <testcase classname="testNG.G" name="sentMail" time="0.0"/>
  <testcase classname="testNG.F" name="compose" time="0.0">
    <ignored/>
  </testcase> <!-- compose -->
  <testcase classname="testNG.G" name="logOut" time="0.0">
    <ignored/>
  </testcase> <!-- logOut -->
</testsuite> <!-- Test -->
